Command line invocation:
    /Applications/Xcode.app/Contents/Developer/usr/bin/xcodebuild -project Where.xcodeproj -scheme Where -destination generic/platform=iOS -configuration Debug -derivedDataPath build build

2026-03-29 08:02:21.887 xcodebuild[8751:927963] [MT] IDERunDestination: Supported platforms for the buildables in the current scheme is empty.
ComputePackagePrebuildTargetDependencyGraph

Prepare packages

CreateBuildRequest

SendProjectDescription

CreateBuildOperation

ComputeTargetDependencyGraph
note: Building targets in dependency order
note: Target dependency graph (1 target)
    Target 'Where' in project 'Where' (no dependencies)

GatherProvisioningInputs

CreateBuildDescription

ExecuteExternalTool /Applications/Xcode.app/Contents/Developer/Toolchains/XcodeDefault.xctoolchain/usr/bin/swiftc --version

ExecuteExternalTool /Applications/Xcode.app/Contents/Developer/Toolchains/XcodeDefault.xctoolchain/usr/bin/ld -version_details

Build description signature: 457dc5d0e54ad8f6ce71c047dbaadaf1
Build description path: /Users/dan/where/ios/build/Build/Intermediates.noindex/XCBuildData/457dc5d0e54ad8f6ce71c047dbaadaf1.xcbuilddata
/Users/dan/where/ios/Where.xcodeproj: error: Signing for "Where" requires a development team. Select a development team in the Signing & Capabilities editor. (in target 'Where' from project 'Where')
note: Run script build phase 'Build KMP Shared Framework' will be run during every build because the option to run the script phase "Based on dependency analysis" is unchecked. (in target 'Where' from project 'Where')
** BUILD FAILED **


The following build commands failed:
	Building project Where with scheme Where and configuration Debug
(1 failure)
